<?xml version="1.0" encoding="UTF-8"?>
<!-- Generated by org.testng.reporters.JUnitReportReporter -->
<testsuite hostname="WIN-L6HVEAI00BH" failures="0" tests="2" name="qaclickacademy.MavenJava.SeleniumTest" time="0.001" errors="0" timestamp="2021-04-04T19:23:28 MSK" skipped="0">
  <testcase classname="qaclickacademy.MavenJava.SeleniumTest" name="BrowserAutomation" time="0.001"/>
  <system-out/>
  <testcase classname="qaclickacademy.MavenJava.SeleniumTest" name="elementsUI" time="0.000"/>
  <system-out/>
</testsuite> <!-- qaclickacademy.MavenJava.SeleniumTest -->
