<?xml version="1.0" encoding="UTF-8"?>
<!-- Generated by org.testng.reporters.JUnitReportReporter -->
<testsuite hostname="WIN-L6HVEAI00BH" failures="0" tests="2" name="qaclickacademy.MavenJava.AppTest" time="0.012" errors="0" timestamp="2021-04-04T19:21:35 MSK" skipped="0">
  <testcase classname="qaclickacademy.MavenJava.AppTest" name="showMeTest" time="0.006"/>
  <system-out/>
  <testcase classname="qaclickacademy.MavenJava.AppTest" name="shouldAnswerWithTrue" time="0.006"/>
  <system-out/>
</testsuite> <!-- qaclickacademy.MavenJava.AppTest -->
