<?xml version="1.0" encoding="UTF-8"?>
<!-- Generated by org.testng.reporters.JUnitReportReporter -->
<testsuite hostname="WIN-L6HVEAI00BH" failures="0" tests="2" name="qaclickacademy.MavenJava.RESTAPI_test" time="0.003" errors="0" timestamp="2021-04-04T19:47:10 MSK" skipped="0">
  <testcase classname="qaclickacademy.MavenJava.RESTAPI_test" name="postJira" time="0.000"/>
  <system-out/>
  <testcase classname="qaclickacademy.MavenJava.RESTAPI_test" name="deleteTwitter" time="0.003"/>
  <system-out/>
</testsuite> <!-- qaclickacademy.MavenJava.RESTAPI_test -->
